src/controllers/admin/admins.ts(6,33): error TS6133: 'req' is declared but its value is never read.
src/controllers/admin/auth.ts(71,30): error TS6133: 'req' is declared but its value is never read.
src/controllers/admin/catalogController.ts(3,1): error TS6133: 'Category' is declared but its value is never read.
src/controllers/admin/catalogController.ts(154,37): error TS6133: 'req' is declared but its value is never read.
src/controllers/admin/categoryController.ts(7,37): error TS6133: 'req' is declared but its value is never read.
src/controllers/admin/clientsController.ts(10,37): error TS6133: 'req' is declared but its value is never read.
src/controllers/admin/complaintsController.ts(11,40): error TS6133: 'req' is declared but its value is never read.
src/controllers/admin/dashboardController.ts(9,41): error TS6133: 'req' is declared but its value is never read.
src/controllers/admin/dashboardController.ts(44,45): error TS6133: 'req' is declared but its value is never read.
src/controllers/admin/dashboardController.ts(75,41): error TS6133: 'req' is declared but its value is never read.
src/controllers/admin/dashboardController.ts(88,41): error TS6133: 'req' is declared but its value is never read.
src/controllers/admin/faqController.ts(4,31): error TS6133: 'req' is declared but its value is never read.
src/controllers/admin/faqController.ts(92,37): error TS6133: 'req' is declared but its value is never read.
src/controllers/admin/livreursController.ts(14,38): error TS6133: 'req' is declared but its value is never read.
src/controllers/admin/newsletter.ts(30,38): error TS6133: 'req' is declared but its value is never read.
src/controllers/admin/ordersController.ts(4,1): error TS6133: 'Client' is declared but its value is never read.
src/controllers/admin/ordersController.ts(5,1): error TS6133: 'Livreur' is declared but its value is never read.
src/controllers/admin/ordersController.ts(8,11): error TS6196: 'OrderFilters' is declared but never used.
src/controllers/admin/seedController.ts(5,1): error TS6133: 'mongoose' is declared but its value is never read.
src/controllers/admin/seedController.ts(7,34): error TS6133: 'req' is declared but its value is never read.
src/controllers/admin/seedProductsController.ts(4,36): error TS6133: 'req' is declared but its value is never read.
src/controllers/admin/settings.ts(4,35): error TS6133: 'req' is declared but its value is never read.
src/controllers/admin/uploadController.ts(3,1): error TS6133: 'fs' is declared but its value is never read.
src/controllers/admin/uploadController.ts(18,18): error TS6133: 'req' is declared but its value is never read.
src/controllers/admin/vehicleModelController.ts(9,40): error TS6133: 'req' is declared but its value is never read.
src/controllers/admin/walletController.ts(6,1): error TS6133: 'Wallet' is declared but its value is never read.
src/controllers/admin/walletController.ts(11,35): error TS6133: 'req' is declared but its value is never read.
src/controllers/client_app/catalogController.ts(72,37): error TS6133: 'req' is declared but its value is never read.
src/controllers/enquiryController.ts(22,36): error TS6133: 'req' is declared but its value is never read.
src/controllers/livreur/ordersController.ts(282,15): error TS6133: '_livreurId' is declared but its value is never read.
src/models/PageContent.ts(1,28): error TS6133: 'Document' is declared but its value is never read.
src/routes/client_app/orders.ts(2,101): error TS6133: 'sendOrderMessage' is declared but its value is never read.
src/routes/client_app/orders.ts(2,119): error TS6133: 'getOrderMessages' is declared but its value is never read.
src/scripts/resetAdmin.ts(1,1): error TS6133: 'mongoose' is declared but its value is never read.
src/scripts/verify_order_logic.ts(3,1): error TS6133: 'Order' is declared but its value is never read.
src/services/walletService.ts(5,17): error TS6133: 'IOrder' is declared but its value is never read.
